[    0.000000] Linux version 4.15.0-212-generic (buildd@lcy02-amd64-083) (gcc version 7.5.0 (Ubuntu 7.5.0-3ubuntu1~18.04)) #223-Ubuntu SMP Tue May 23 13:09:22 UTC 2023 (Ubuntu 4.15.0-212.223-generic 4.15.18)
[    0.000000] Command line: BOOT_IMAGE=/boot/vmlinuz-4.15.0-212-generic root=LABEL=cloudimg-rootfs ro console=tty1 console=ttyS0
[    0.000000] KERNEL supported cpus:
[    0.000000]   Intel GenuineIntel
[    0.000000]   AMD AuthenticAMD
[    0.000000]   Centaur CentaurHauls
[    0.000000] x86/fpu: Supporting XSAVE feature 0x001: 'x87 floating point registers'
[    0.000000] x86/fpu: Supporting XSAVE feature 0x002: 'SSE registers'
[    0.000000] x86/fpu: Supporting XSAVE feature 0x004: 'AVX registers'
[    0.000000] x86/fpu: xstate_offset[2]:  576, xstate_sizes[2]:  256
[    0.000000] x86/fpu: Enabled xstate features 0x7, context size is 832 bytes, using 'standard' format.
[    0.000000] e820: BIOS-provided physical RAM map:
[    0.000000] BIOS-e820: [mem 0x0000000000000000-0x000000000009fbff] usable
[    0.000000] BIOS-e820: [mem 0x000000000009fc00-0x000000000009ffff] reserved
[    0.000000] BIOS-e820: [mem 0x00000000000f0000-0x00000000000fffff] reserved
[    0.000000] BIOS-e820: [mem 0x0000000000100000-0x0000000063feffff] usable
[    0.000000] BIOS-e820: [mem 0x0000000063ff0000-0x0000000063ffffff] ACPI data
[    0.000000] BIOS-e820: [mem 0x00000000fec00000-0x00000000fec00fff] reserved
[    0.000000] BIOS-e820: [mem 0x00000000fee00000-0x00000000fee00fff] reserved
[    0.000000] BIOS-e820: [mem 0x00000000fffc0000-0x00000000ffffffff] reserved
[    0.000000] NX (Execute Disable) protection: active
[    0.000000] SMBIOS 2.5 present.
[    0.000000] DMI: innotek GmbH VirtualBox/VirtualBox, BIOS VirtualBox 12/01/2006
[    0.000000] Hypervisor detected: KVM
[    0.000000] e820: last_pfn = 0x63ff0 max_arch_pfn = 0x400000000
[    0.000000] x86/PAT: Configuration [0-7]: WB  WC  UC- UC  WB  WP  UC- WT  
[    0.000000] found SMP MP-table at [mem 0x0009fbf0-0x0009fbff]
[    0.000000] Scanning 1 areas for low memory corruption
[    0.000000] RAMDISK: [mem 0x359cb000-0x36cdcfff]
[    0.000000] ACPI: Early table checksum verification disabled
[    0.000000] ACPI: RSDP 0x00000000000E0000 000024 (v02 VBOX  )
[    0.000000] ACPI: XSDT 0x0000000063FF0030 00003C (v01 VBOX   VBOXXSDT 00000001 ASL  00000061)
[    0.000000] ACPI: FACP 0x0000000063FF00F0 0000F4 (v04 VBOX   VBOXFACP 00000001 ASL  00000061)
[    0.000000] ACPI: DSDT 0x0000000063FF0610 002353 (v02 VBOX   VBOXBIOS 00000002 INTL 20100528)
[    0.000000] ACPI: FACS 0x0000000063FF0200 000040
[    0.000000] ACPI: FACS 0x0000000063FF0200 000040
[    0.000000] ACPI: APIC 0x0000000063FF0240 00005C (v02 VBOX   VBOXAPIC 00000001 ASL  00000061)
[    0.000000] ACPI: SSDT 0x0000000063FF02A0 00036C (v01 VBOX   VBOXCPUT 00000002 INTL 20100528)
[    0.000000] ACPI: Reserving FACP table memory at [mem 0x63ff00f0-0x63ff01e3]
[    0.000000] ACPI: Reserving DSDT table memory at [mem 0x63ff0610-0x63ff2962]
[    0.000000] ACPI: Reserving FACS table memory at [mem 0x63ff0200-0x63ff023f]
[    0.000000] ACPI: Reserving FACS table memory at [mem 0x63ff0200-0x63ff023f]
[    0.000000] ACPI: Reserving APIC table memory at [mem 0x63ff0240-0x63ff029b]
[    0.000000] ACPI: Reserving SSDT table memory at [mem 0x63ff02a0-0x63ff060b]
[    0.000000] No NUMA configuration found
[    0.000000] Faking a node at [mem 0x0000000000000000-0x0000000063feffff]
[    0.000000] NODE_DATA(0) allocated [mem 0x63fc5000-0x63feffff]
[    0.000000] kvm-clock: cpu 0, msr 0:63f44001, primary cpu clock
[    0.000000] kvm-clock: Using msrs 4b564d01 and 4b564d00
[    0.000000] kvm-clock: using sched offset of 5010946985 cycles
[    0.000000] clocksource: kvm-clock: mask: 0xffffffffffffffff max_cycles: 0x1cd42e4dffb, max_idle_ns: 881590591483 ns
[    0.000000] Zone ranges:
[    0.000000]   DMA      [mem 0x0000000000001000-0x0000000000ffffff]
[    0.000000]   DMA32    [mem 0x0000000001000000-0x0000000063feffff]
[    0.000000]   Normal   empty
[    0.000000]   Device   empty
[    0.000000] Movable zone start for each node
[    0.000000] Early memory node ranges
[    0.000000]   node   0: [mem 0x0000000000001000-0x000000000009efff]
[    0.000000]   node   0: [mem 0x0000000000100000-0x0000000063feffff]
[    0.000000] Reserved but unavailable: 104 pages
[    0.000000] Initmem setup node 0 [mem 0x0000000000001000-0x0000000063feffff]
[    0.000000] ACPI: PM-Timer IO Port: 0x4008
[    0.000000] IOAPIC[0]: apic_id 2, version 32, address 0xfec00000, GSI 0-23
[    0.000000] ACPI: INT_SRC_OVR (bus 0 bus_irq 0 global_irq 2 dfl dfl)
[    0.000000] ACPI: INT_SRC_OVR (bus 0 bus_irq 9 global_irq 9 low level)
[    0.000000] Using ACPI (MADT) for SMP configuration information
[    0.000000] smpboot: Allowing 2 CPUs, 0 hotplug CPUs
[    0.000000] PM: Registered nosave memory: [mem 0x00000000-0x00000fff]
[    0.000000] PM: Registered nosave memory: [mem 0x0009f000-0x0009ffff]
[    0.000000] PM: Registered nosave memory: [mem 0x000a0000-0x000effff]
[    0.000000] PM: Registered nosave memory: [mem 0x000f0000-0x000fffff]
[    0.000000] e820: [mem 0x64000000-0xfebfffff] available for PCI devices
[    0.000000] Booting paravirtualized kernel on KVM
[    0.000000] clocksource: refined-jiffies: mask: 0xffffffff max_cycles: 0xffffffff, max_idle_ns: 7645519600211568 ns
[    0.000000] setup_percpu: NR_CPUS:8192 nr_cpumask_bits:2 nr_cpu_ids:2 nr_node_ids:1
[    0.000000] percpu: Embedded 50 pages/cpu s167936 r8192 d28672 u1048576
[    0.000000] PV qspinlock hash table entries: 256 (order: 0, 4096 bytes)
[    0.000000] Built 1 zonelists, mobility grouping on.  Total pages: 403065
[    0.000000] Policy zone: DMA32
[    0.000000] Kernel command line: BOOT_IMAGE=/boot/vmlinuz-4.15.0-212-generic root=LABEL=cloudimg-rootfs ro console=tty1 console=ttyS0
[    0.000000] Memory: 1562228K/1637944K available (12300K kernel code, 2477K rwdata, 4324K rodata, 2480K init, 2720K bss, 75716K reserved, 0K cma-reserved)
[    0.000000] SLUB: HWalign=64, Order=0-3, MinObjects=0, CPUs=2, Nodes=1
[    0.000000] Kernel/User page tables isolation: enabled
[    0.000000] ftrace: allocating 39508 entries in 155 pages
[    0.004000] Hierarchical RCU implementation.
[    0.004000] 	RCU restricting CPUs from NR_CPUS=8192 to nr_cpu_ids=2.
[    0.004000] 	Tasks RCU enabled.
[    0.004000] RCU: Adjusting geometry for rcu_fanout_leaf=16, nr_cpu_ids=2
[    0.004000] NR_IRQS: 524544, nr_irqs: 440, preallocated irqs: 16
[    0.004000] random: crng init done
[    0.004000] Console: colour VGA+ 80x25
[    0.004000] console [tty1] enabled
[    0.004000] console [ttyS0] enabled
[    0.004000] ACPI: Core revision 20170831
[    0.004000] ACPI: 2 ACPI AML tables successfully acquired and loaded
[    0.004000] APIC: Switch to symmetric I/O mode setup
[    0.004000] x2apic enabled
[    0.004000] Switched APIC routing to physical x2apic.
[    0.008000] ..TIMER: vector=0x30 apic1=0 pin1=2 apic2=-1 pin2=-1
[    0.008009] tsc: Detected 2199.998 MHz processor
[    0.009857] Calibrating delay loop (skipped) preset value.. 4399.99 BogoMIPS (lpj=8799992)
[    0.012005] pid_max: default: 32768 minimum: 301
[    0.016093] Security Framework initialized
[    0.017756] Yama: becoming mindful.
[    0.019245] AppArmor: AppArmor initialized
[    0.024334] Dentry cache hash table entries: 262144 (order: 9, 2097152 bytes)
[    0.032083] Inode-cache hash table entries: 131072 (order: 8, 1048576 bytes)
[    0.036039] Mount-cache hash table entries: 4096 (order: 3, 32768 bytes)
[    0.040018] Mountpoint-cache hash table entries: 4096 (order: 3, 32768 bytes)
[    0.043411] Last level iTLB entries: 4KB 64, 2MB 8, 4MB 8
[    0.044005] Last level dTLB entries: 4KB 64, 2MB 0, 4MB 0, 1GB 4
[    0.046271] Spectre V1 : Mitigation: usercopy/swapgs barriers and __user pointer sanitization
[    0.048005] Spectre V2 : Mitigation: Retpolines
[    0.052004] Spectre V2 : Spectre v2 / SpectreRSB mitigation: Filling RSB on context switch
[    0.056003] Spectre V2 : Spectre v2 / SpectreRSB : Filling RSB on VMEXIT
[    0.058519] Speculative Store Bypass: Vulnerable
[    0.060099] MDS: Mitigation: Clear CPU buffers
[    0.061860] MMIO Stale Data: Unknown: No mitigations
[    0.064004] SRBDS: Unknown: Dependent on hypervisor status
[    0.068505] Freeing SMP alternatives memory: 36K
[    0.182156] smpboot: CPU0: Intel(R) Core(TM) i5-5200U CPU @ 2.20GHz (family: 0x6, model: 0x3d, stepping: 0x4)
[    0.184157] Performance Events: unsupported p6 CPU model 61 no PMU driver, software events only.
[    0.188074] Hierarchical SRCU implementation.
[    0.191215] NMI watchdog: Perf event create on CPU 0 failed with -2
[    0.192005] NMI watchdog: Perf NMI watchdog permanently disabled
[    0.196115] smp: Bringing up secondary CPUs ...
[    0.198236] x86: Booting SMP configuration:
[    0.200004] .... node  #0, CPUs:      #1
[    0.004000] kvm-clock: cpu 1, msr 0:63f44041, secondary cpu clock
[    0.208010] smp: Brought up 1 node, 2 CPUs
[    0.210030] smpboot: Max logical packages: 1
[    0.212000] smpboot: Total of 2 processors activated (8799.99 BogoMIPS)
[    0.216250] devtmpfs: initialized
[    0.217611] x86/mm: Memory block size: 128MB
[    0.220669] evm: security.selinux
[    0.222408] evm: security.SMACK64
[    0.224000] evm: security.SMACK64EXEC
[    0.224004] evm: security.SMACK64TRANSMUTE
[    0.225773] evm: security.SMACK64MMAP
[    0.228004] evm: security.apparmor
[    0.229436] evm: security.ima
[    0.230764] evm: security.capability
[    0.232119] clocksource: jiffies: mask: 0xffffffff max_cycles: 0xffffffff, max_idle_ns: 7645041785100000 ns
[    0.236026] futex hash table entries: 512 (order: 3, 32768 bytes)
[    0.240078] pinctrl core: initialized pinctrl subsystem
[    0.244183] RTC time: 16:24:32, date: 05/06/25
[    0.246347] NET: Registered protocol family 16
[    0.248000] audit: initializing netlink subsys (disabled)
[    0.248048] audit: type=2000 audit(1746548679.358:1): state=initialized audit_enabled=0 res=1
[    0.252071] cpuidle: using governor ladder
[    0.256019] cpuidle: using governor menu
[    0.258108] ACPI: bus type PCI registered
[    0.260005] acpiphp: ACPI Hot Plug PCI Controller Driver version: 0.5
[    0.264247] PCI: Using configuration type 1 for base access
[    0.276081] HugeTLB registered 2.00 MiB page size, pre-allocated 0 pages
[    0.280113] ACPI: Added _OSI(Module Device)
[    0.282155] ACPI: Added _OSI(Processor Device)
[    0.284014] ACPI: Added _OSI(3.0 _SCP Extensions)
[    0.286222] ACPI: Added _OSI(Processor Aggregator Device)
[    0.288007] ACPI: Added _OSI(Linux-Dell-Video)
[    0.289794] ACPI: Added _OSI(Linux-Lenovo-NV-HDMI-Audio)
[    0.292007] ACPI: Added _OSI(Linux-HPI-Hybrid-Graphics)
[    0.296676] ACPI: Executed 1 blocks of module-level executable AML code
[    0.317289] ACPI: Interpreter enabled
[    0.319524] ACPI: (supports S0 S5)
[    0.324011] ACPI: Using IOAPIC for interrupt routing
[    0.329094] PCI: Using host bridge windows from ACPI; if necessary, use "pci=nocrs" and report a bug
[    0.332786] ACPI: Enabled 2 GPEs in block 00 to 07
[    0.362401] ACPI: PCI Root Bridge [PCI0] (domain 0000 [bus 00-ff])
[    0.368033] acpi PNP0A03:00: _OSC: OS supports [ASPM ClockPM Segments MSI]
[    0.374372] acpi PNP0A03:00: _OSC: not requesting OS control; OS requires [ExtendedConfig ASPM ClockPM MSI]
[    0.376059] acpi PNP0A03:00: fail to add MMCONFIG information, can't access extended PCI configuration space under this bridge.
[    0.384302] PCI host bridge to bus 0000:00
[    0.386455] pci_bus 0000:00: root bus resource [io  0x0000-0x0cf7 window]
[    0.392015] pci_bus 0000:00: root bus resource [io  0x0d00-0xffff window]
[    0.396018] pci_bus 0000:00: root bus resource [mem 0x000a0000-0x000bffff window]
[    0.400014] pci_bus 0000:00: root bus resource [mem 0x64000000-0xfdffffff window]
[    0.404014] pci_bus 0000:00: root bus resource [bus 00-ff]
[    0.411665] pci 0000:00:01.1: legacy IDE quirk: reg 0x10: [io  0x01f0-0x01f7]
[    0.416006] pci 0000:00:01.1: legacy IDE quirk: reg 0x14: [io  0x03f6]
[    0.420008] pci 0000:00:01.1: legacy IDE quirk: reg 0x18: [io  0x0170-0x0177]
[    0.422731] pci 0000:00:01.1: legacy IDE quirk: reg 0x1c: [io  0x0376]
[    0.467743] pci 0000:00:07.0: quirk: [io  0x4000-0x403f] claimed by PIIX4 ACPI
[    0.472049] pci 0000:00:07.0: quirk: [io  0x4100-0x410f] claimed by PIIX4 SMB
[    0.521914] ACPI: PCI Interrupt Link [LNKA] (IRQs 5 9 10 *11)
[    0.525352] ACPI: PCI Interrupt Link [LNKB] (IRQs 5 9 *10 11)
[    0.528387] ACPI: PCI Interrupt Link [LNKC] (IRQs 5 *9 10 11)
[    0.531049] ACPI: PCI Interrupt Link [LNKD] (IRQs 5 9 10 *11)
[    0.537048] SCSI subsystem initialized
[    0.540114] pci 0000:00:02.0: vgaarb: setting as boot VGA device
[    0.542423] pci 0000:00:02.0: vgaarb: VGA device added: decodes=io+mem,owns=io+mem,locks=none
[    0.544009] pci 0000:00:02.0: vgaarb: bridge control possible
[    0.548006] vgaarb: loaded
[    0.549283] ACPI: bus type USB registered
[    0.549283] usbcore: registered new interface driver usbfs
[    0.550264] usbcore: registered new interface driver hub
[    0.552000] usbcore: registered new device driver usb
[    0.556081] EDAC MC: Ver: 3.0.0
[    0.560052] PCI: Using ACPI for IRQ routing
[    0.562399] NetLabel: Initializing
[    0.562399] NetLabel:  domain hash size = 128
[    0.564003] NetLabel:  protocols = UNLABELED CIPSOv4 CALIPSO
[    0.568050] NetLabel:  unlabeled traffic allowed by default
[    0.570398] clocksource: Switched to clocksource kvm-clock
[    0.622781] VFS: Disk quotas dquot_6.6.0
[    0.624635] VFS: Dquot-cache hash table entries: 512 (order 0, 4096 bytes)
[    0.628341] AppArmor: AppArmor Filesystem Enabled
[    0.630913] pnp: PnP ACPI init
[    0.636139] pnp: PnP ACPI: found 3 devices
[    0.646048] clocksource: acpi_pm: mask: 0xffffff max_cycles: 0xffffff, max_idle_ns: 2085701024 ns
[    0.650578] NET: Registered protocol family 2
[    0.652505] IP idents hash table entries: 32768 (order: 6, 262144 bytes)
[    0.655632] TCP established hash table entries: 16384 (order: 5, 131072 bytes)
[    0.663492] TCP bind hash table entries: 16384 (order: 6, 262144 bytes)
[    0.666266] TCP: Hash tables configured (established 16384 bind 16384)
[    0.669357] UDP hash table entries: 1024 (order: 3, 32768 bytes)
[    0.672143] UDP-Lite hash table entries: 1024 (order: 3, 32768 bytes)
[    0.674802] NET: Registered protocol family 1
[    0.676802] pci 0000:00:00.0: Limiting direct PCI/PCI transfers
[    0.679831] pci 0000:00:01.0: Activating ISA DMA hang workarounds
[    0.682323] pci 0000:00:02.0: Video device with shadowed ROM at [mem 0x000c0000-0x000dffff]
[    0.686536] Unpacking initramfs...
[    1.633192] Freeing initrd memory: 19528K
[    1.636455] clocksource: tsc: mask: 0xffffffffffffffff max_cycles: 0x1fb63109b96, max_idle_ns: 440795265316 ns
[    1.640242] platform rtc_cmos: registered platform RTC device (no PNP device found)
[    1.644962] Scanning for low memory corruption every 60 seconds
[    1.654622] Initialise system trusted keyrings
[    1.656919] Key type blacklist registered
[    1.659167] workingset: timestamp_bits=36 max_order=19 bucket_order=0
[    1.665745] zbud: loaded
[    1.668642] squashfs: version 4.0 (2009/01/31) Phillip Lougher
[    1.671667] fuse init (API version 7.26)
[    1.677203] Key type asymmetric registered
[    1.679156] Asymmetric key parser 'x509' registered
[    1.681301] Block layer SCSI generic (bsg) driver version 0.4 loaded (major 246)
[    1.685174] io scheduler noop registered
[    1.687306] io scheduler deadline registered
[    1.689736] io scheduler cfq registered (default)
[    1.692924] ACPI: AC Adapter [AC] (on-line)
[    1.694784] input: Power Button as /devices/LNXSYSTM:00/LNXPWRBN:00/input/input0
[    1.698456] ACPI: Power Button [PWRF]
[    1.700894] input: Sleep Button as /devices/LNXSYSTM:00/LNXSLPBN:00/input/input1
[    1.704625] ACPI: Sleep Button [SLPF]
[    1.707385] Serial: 8250/16550 driver, 32 ports, IRQ sharing enabled
[    1.710271] ACPI: Battery Slot [BAT0] (battery present)
[    1.733864] 00:02: ttyS0 at I/O 0x3f8 (irq = 4, base_baud = 115200) is a 16550A
[    1.742564] Linux agpgart interface v0.103
[    1.746810] loop: module loaded
[    1.749646] scsi host0: ata_piix
[    1.751481] scsi host1: ata_piix
[    1.753030] ata1: PATA max UDMA/33 cmd 0x1f0 ctl 0x3f6 bmdma 0xd000 irq 14
[    1.756063] ata2: PATA max UDMA/33 cmd 0x170 ctl 0x376 bmdma 0xd008 irq 15
[    1.759733] tun: Universal TUN/TAP device driver, 1.6
[    1.761891] PPP generic driver version 2.4.2
[    1.764234] ehci_hcd: USB 2.0 'Enhanced' Host Controller (EHCI) Driver
[    1.766864] ehci-pci: EHCI PCI platform driver
[    1.769127] ehci-platform: EHCI generic platform driver
[    1.771666] ohci_hcd: USB 1.1 'Open' Host Controller (OHCI) Driver
[    1.774685] ohci-pci: OHCI PCI platform driver
[    1.776485] ohci-platform: OHCI generic platform driver
[    1.779455] uhci_hcd: USB Universal Host Controller Interface driver
[    1.782811] i8042: PNP: PS/2 Controller [PNP0303:PS2K,PNP0f03:PS2M] at 0x60,0x64 irq 1,12
[    1.787225] serio: i8042 KBD port at 0x60,0x64 irq 1
[    1.789567] serio: i8042 AUX port at 0x60,0x64 irq 12
[    1.792420] mousedev: PS/2 mouse device common for all mice
[    1.795857] input: AT Translated Set 2 keyboard as /devices/platform/i8042/serio0/input/input2
[    1.796850] rtc_cmos rtc_cmos: rtc core: registered rtc_cmos as rtc0
[    1.803984] rtc_cmos rtc_cmos: alarms up to one day, 114 bytes nvram
[    1.807120] i2c /dev entries driver
[    1.809114] device-mapper: uevent: version 1.0.3
[    1.812285] device-mapper: ioctl: 4.37.0-ioctl (2017-09-20) initialised: dm-devel@redhat.com
[    1.816607] ledtrig-cpu: registered to indicate activity on CPUs
[    1.820962] NET: Registered protocol family 10
[    1.832379] Segment Routing with IPv6
[    1.834311] NET: Registered protocol family 17
[    1.836648] Key type dns_resolver registered
[    1.838619] mce: Using 0 MCE banks
[    1.840133] RAS: Correctable Errors collector initialized.
[    1.842425] sched_clock: Marking stable (1842347699, 0)->(2314389252, -472041553)
[    1.846307] registered taskstats version 1
[    1.848213] Loading compiled-in X.509 certificates
[    1.854761] Loaded X.509 cert 'Build time autogenerated kernel key: b5b26778eaa3ab3a4a6cee031137706e947d12ad'
[    1.859980] Loaded X.509 cert 'Canonical Ltd. Live Patch Signing: 14df34d1a87cf37625abec039ef2bf521249b969'
[    1.865333] Loaded X.509 cert 'Canonical Ltd. Kernel Module Signing: 88f752e560a1e0737e31163a466ad7b70a850c19'
[    1.869764] blacklist: Loading compiled-in revocation X.509 certificates
[    1.872392] Loaded X.509 cert 'Canonical Ltd. Secure Boot Signing: 61482aa2830d0ab2ad5af10b7250da9033ddcef0'
[    1.876761] Loaded X.509 cert 'Canonical Ltd. Secure Boot Signing (2017): 242ade75ac4a15e50d50c84b0d45ff3eae707a03'
[    1.881005] Loaded X.509 cert 'Canonical Ltd. Secure Boot Signing (ESM 2018): 365188c1d374d6b07c3c8f240f8ef722433d6a8b'
[    1.885548] Loaded X.509 cert 'Canonical Ltd. Secure Boot Signing (2019): c0746fd6c5da3ae827864651ad66ae47fe24b3e8'
[    1.889770] Loaded X.509 cert 'Canonical Ltd. Secure Boot Signing (2021 v1): a8d54bbb3825cfb94fa13c9f8a594a195c107b8d'
[    1.893990] Loaded X.509 cert 'Canonical Ltd. Secure Boot Signing (2021 v2): 4cf046892d6fd3c9a5b03f98d845f90851dc6a8c'
[    1.898346] Loaded X.509 cert 'Canonical Ltd. Secure Boot Signing (2021 v3): 100437bb6de6e469b581e61cd66bce3ef4ed53af'
[    1.902752] Loaded X.509 cert 'Canonical Ltd. Secure Boot Signing (Ubuntu Core 2019): c1d57b8f6b743f23ee41f4f7ee292f06eecadfb9'
[    1.907347] zswap: loaded using pool lzo/zbud
[    1.915805] Key type big_key registered
[    1.917660] Key type trusted registered
[    1.947348] Key type encrypted registered
[    1.949165] AppArmor: AppArmor sha1 policy hashing enabled
[    1.951413] ima: No TPM chip found, activating TPM-bypass! (rc=-19)
[    1.954005] ima: Allocated hash algorithm: sha1
[    1.955867] evm: HMAC attrs: 0x1
[    1.958019]   Magic number: 9:515:438
[    1.959689] rtc_cmos rtc_cmos: setting system clock to 2025-05-06 16:24:34 UTC (1746548674)
[    1.963274] BIOS EDD facility v0.16 2004-Jun-25, 0 devices found
[    1.965751] EDD information not available.
[    1.980351] Freeing unused kernel image memory: 2480K
[    2.000353] Write protecting the kernel read-only data: 20480k
[    2.004897] Freeing unused kernel image memory: 2008K
[    2.008061] Freeing unused kernel image memory: 1820K
[    2.054039] x86/mm: Checked W+X mappings: passed, no W+X pages found.
[    2.057697] x86/mm: Checking user space page tables
[    2.101495] x86/mm: Checked W+X mappings: passed, no W+X pages found.
Loading, please wait...
starting version 237
[    2.274019] e1000: Intel(R) PRO/1000 Network Driver - version 7.3.21-k8-NAPI
[    2.277705] e1000: Copyright (c) 1999-2006 Intel Corporation.
[    2.283736] Fusion MPT base driver 3.04.20
[    2.286406] Copyright (c) 1999-2008 LSI Corporation
[    2.296989] Fusion MPT SPI Host driver 3.04.20
[    2.330450] AVX2 version of gcm_enc/dec engaged.
[    2.332880] AES CTR mode by8 optimization enabled
[    2.572769] input: ImExPS/2 Generic Explorer Mouse as /devices/platform/i8042/serio1/input/input4
[    2.843637] e1000 0000:00:03.0 eth0: (PCI:33MHz:32-bit) 02:3b:7b:b7:3b:2d
[    2.847929] e1000 0000:00:03.0 eth0: Intel(R) PRO/1000 Network Connection
[    4.266182] e1000 0000:00:08.0 eth1: (PCI:33MHz:32-bit) 08:00:27:ae:9a:11
[    4.276225] e1000 0000:00:08.0 eth1: Intel(R) PRO/1000 Network Connection
[    4.286212] mptbase: ioc0: Initiating bringup
[    4.398723] ioc0: LSI53C1030 A0: Capabilities={Initiator}
[    4.655058] scsi host2: ioc0: LSI53C1030 A0, FwRev=00000000h, Ports=1, MaxQ=256, IRQ=20
[    4.834324] scsi 2:0:0:0: Direct-Access     VBOX     HARDDISK         1.0  PQ: 0 ANSI: 5
[    4.876275] scsi target2:0:0: Beginning Domain Validation
[    4.881879] scsi target2:0:0: Domain Validation skipping write tests
[    4.885553] scsi target2:0:0: Ending Domain Validation
[    4.888980] scsi target2:0:0: asynchronous
[    4.892466] scsi 2:0:1:0: Direct-Access     VBOX     HARDDISK         1.0  PQ: 0 ANSI: 5
[    5.260052] scsi target2:0:1: Beginning Domain Validation
[    5.265410] scsi target2:0:1: Domain Validation skipping write tests
[    5.269416] scsi target2:0:1: Ending Domain Validation
[    5.272788] scsi target2:0:1: asynchronous
[    5.283635] sd 2:0:0:0: [sda] 83886080 512-byte logical blocks: (42.9 GB/40.0 GiB)
[    5.288257] sd 2:0:0:0: [sda] Write Protect is off
[    5.290858] sd 2:0:0:0: Attached scsi generic sg0 type 0
[    5.293996] sd 2:0:0:0: [sda] Incomplete mode parameter data
[    5.296913] sd 2:0:0:0: [sda] Assuming drive cache: write through
[    5.301061] sd 2:0:1:0: [sdb] 20480 512-byte logical blocks: (10.5 MB/10.0 MiB)
[    5.304578] sd 2:0:1:0: [sdb] Write Protect is off
[    5.304604] sd 2:0:1:0: Attached scsi generic sg1 type 0
[    5.310897] sd 2:0:1:0: [sdb] Incomplete mode parameter data
[    5.313490] sd 2:0:1:0: [sdb] Assuming drive cache: write through
[    5.318050]  sda: sda1
[    5.324415] sd 2:0:0:0: [sda] Attached SCSI disk
[    5.337982] sd 2:0:1:0: [sdb] Attached SCSI disk
[    5.340574] e1000 0000:00:09.0 eth2: (PCI:33MHz:32-bit) 08:00:27:9b:95:33
[    5.343498] e1000 0000:00:09.0 eth2: Intel(R) PRO/1000 Network Connection
[    5.349878] e1000 0000:00:08.0 enp0s8: renamed from eth1
[    5.369632] e1000 0000:00:03.0 enp0s3: renamed from eth0
[    5.383206] e1000 0000:00:09.0 enp0s9: renamed from eth2
Begin: Loading essential drivers ... [    7.784921] raid6: sse2x1   gen()  2109 MB/s
[    7.832669] raid6: sse2x1   xor()  1445 MB/s
[    7.880515] raid6: sse2x2   gen()  5022 MB/s
[    7.928285] raid6: sse2x2   xor()  2152 MB/s
[    7.976048] raid6: sse2x4   gen()  5193 MB/s
[    8.024844] raid6: sse2x4   xor()  3154 MB/s
[    8.072609] raid6: avx2x1   gen()  4427 MB/s
[    8.120390] raid6: avx2x1   xor()  2350 MB/s
[    8.168330] raid6: avx2x2   gen()  5660 MB/s
[    8.220854] raid6: avx2x2   xor()  4011 MB/s
[    8.268641] raid6: avx2x4   gen() 10693 MB/s
[    8.316539] raid6: avx2x4   xor()  5855 MB/s
[    8.318610] raid6: using algorithm avx2x4 gen() 10693 MB/s
[    8.321657] raid6: .... xor() 5855 MB/s, rmw enabled
[    8.324385] raid6: using avx2x2 recovery algorithm
[    8.328899] xor: automatically using best checksumming function   avx       
[    8.334361] async_tx: api initialized (async)
done.
Begin: Running /scripts/init-premount ... done.
Begin: Mounting root file system ... Begin: Running /scripts/local-top ... done.
Begin: Running /scripts/local-premount ... [    8.459182] Btrfs loaded, crc32c=crc32c-intel
Scanning for Btrfs filesystems
done.
Warning: fsck not present, so skipping root file system
[    8.551021] EXT4-fs (sda1): mounted filesystem with ordered data mode. Opts: (null)
done.
Begin: Running /scripts/local-bottom ... done.
Begin: Running /scripts/init-bottom ... done.
[    9.714490] ip_tables: (C) 2000-2006 Netfilter Core Team
[    9.818387] systemd[1]: systemd 237 running in system mode. (+PAM +AUDIT +SELINUX +IMA +APPARMOR +SMACK +SYSVINIT +UTMP +LIBCRYPTSETUP +GCRYPT +GNUTLS +ACL +XZ +LZ4 +SECCOMP +BLKID +ELFUTILS +KMOD -IDN2 +IDN -PCRE2 default-hierarchy=hybrid)
[    9.836353] systemd[1]: Detected virtualization oracle.
[    9.840829] systemd[1]: Detected architecture x86-64.

Welcome to [1mUbuntu 18.04.6 LTS[0m!

[    9.897078] systemd[1]: Set hostname to <ubuntu-bionic>.
[   11.704112] systemd[1]: Set up automount Arbitrary Executable File Formats File System Automount Point.
[[0;32m  OK  [0m] Set up automount Arbitrary Executab…rmats File System Automount Point.
[   11.710649] systemd[1]: Reached target User and Group Name Lookups.
[[0;32m  OK  [0m] Reached target User and Group Name Lookups.
[   11.715325] systemd[1]: Reached target Mounting snaps.
[[0;32m  OK  [0m] Reached target Mounting snaps.
[   11.718801] systemd[1]: Reached target Swap.
[[0;32m  OK  [0m] Reached target Swap.
[   11.725604] systemd[1]: Created slice User and Session Slice.
[[0;32m  OK  [0m] Created slice User and Session Slice.
[   11.731115] systemd[1]: Created slice System Slice.
[[0;32m  OK  [0m] Created slice System Slice.
[[0;32m  OK  [0m] Listening on LVM2 poll daemon socket.
[[0;32m  OK  [0m] Listening on /dev/initctl Compatibility Named Pipe.
[[0;32m  OK  [0m] Listening on Journal Socket.
         Mounting Kernel Debug File System...
[[0;32m  OK  [0m] Created slice system-serial\x2dgetty.slice.
[[0;32m  OK  [0m] Listening on udev Kernel Socket.
         Starting Load Kernel Modules...
[[0;32m  OK  [0m] Listening on LVM2 metadata daemon socket.
[[0;32m  OK  [0m] Reached target System Time Synchronized.
         Starting Set the console keyboard layout...
[[0;32m  OK  [0m] Listening on udev Control Socket.
[[0;32m  OK  [0m] Listening on Journal Socket (/dev/log).
[[0;32m  OK  [0m] Listening on fsck to fsckd communication Socket.
         Starting File System Check on Root Device...
[[0;32m  OK  [0m] Listening on Device-mapper event daemon FIFOs.
         Starting Monitoring of LVM2 mirrors…ng dmeventd or progress polling...
[[0;32m  OK  [0m] Reached target Mounted snaps.
         Mounting POSIX Message Queue File System...
         Mounting Huge Pages File System...
         Starting Uncomplicated firewall...
[[0;32m  OK  [0m] Listening on Network Service Netlink Socket.
[[0;32m  OK  [0m] Reached target Slices.
[[0;32m  OK  [0m] Listening on Syslog Socket.
[[0;32m  OK  [0m] Listening on Journal Audit Socket.
         Starting Journal Service...
         Starting udev Coldplug all Devices...
[[0;32m  OK  [0m] Started Forward Password Requests to Wall Directory Watch.
         Starting Create list of required st…ce nodes for the current kernel...
[[0;32m  OK  [0m] Mounted Kernel Debug File System.
[[0;32m  OK  [0m] Mounted POSIX Message Queue File System.
[[0;32m  OK  [0m] Mounted Huge Pages File System.
[   12.009327] Loading iSCSI transport class v2.0-870.
[[0;32m  OK  [0m] Started File System Check Daemon to report status.
[[0;32m  OK  [0m] Started udev Coldplug all Devices.
[[0;32m  OK  [0m] Started Uncomplicated firewall.
[[0;32m  OK  [0m] Started Create list of required sta…vice nodes for the current kernel.
         Starting Create Static Device Nodes in /dev...
[   12.249329] iscsi: registered transport (tcp)
[[0;32m  OK  [0m] Started Journal Service.
[[0;32m  OK  [0m] Started File System Check on Root Device.
         Starting Remount Root and Kernel File Systems...
[   12.782695] iscsi: registered transport (iser)
[[0;32m  OK  [0m] Started Load Kernel Modules.
         Starting Apply Kernel Variables...
         Mounting FUSE Control File System...
         Mounting Kernel Configuration File System...
[[0;32m  OK  [0m] Mounted FUSE Control File System.
[[0;32m  OK  [0m] Mounted Kernel Configuration File System.
[[0;32m  OK  [0m] Started LVM2 metadata daemon.
[[0;32m  OK  [0m] Started Remount Root and Kernel File Systems.
         Starting Flush Journal to Persistent Storage...
         Starting Load/Save Random Seed...
[[0;32m  OK  [0m] Started Set the console keyboard layout.
[[0;32m  OK  [0m] Started Create Static Device Nodes in /dev.
[[0;32m  OK  [0m] Started Apply Kernel Variables.
         Starting udev Kernel Device Manager...
[[0;32m  OK  [0m] Started Monitoring of LVM2 mirrors,…sing dmeventd or progress polling.
[[0;32m  OK  [0m] Reached target Local File Systems (Pre).
[[0;32m  OK  [0m] Reached target Local File Systems.
         Starting Tell Plymouth To Write Out Runtime Data...
         Starting ebtables ruleset management...
         Starting AppArmor initialization...
         Starting Set console font and keymap...
[[0;32m  OK  [0m] Started Load/Save Random Seed.
[[0;32m  OK  [0m] Started Tell Plymouth To Write Out Runtime Data.
[[0;32m  OK  [0m] Started Set console font and keymap.
[[0;32m  OK  [0m] Started udev Kernel Device Manager.
[[0;32m  OK  [0m] Started Dispatch Password Requests to Console Directory Watch.
[[0;32m  OK  [0m] Reached target Local Encrypted Volumes.
[[0;32m  OK  [0m] Found device /dev/ttyS0.
[[0;32m  OK  [0m] Started Flush Journal to Persistent Storage.
         Starting Create Volatile Files and Directories...
[[0;32m  OK  [0m] Started ebtables ruleset management.
[[0;32m  OK  [0m] Listening on Load/Save RF Kill Switch Status /dev/rfkill Watch.
[[0;32m  OK  [0m] Started Create Volatile Files and Directories.
         Starting Update UTMP about System Boot/Shutdown...
[[0;32m  OK  [0m] Started Update UTMP about System Boot/Shutdown.
[[0;32m  OK  [0m] Started AppArmor initialization.
         Starting Load AppArmor profiles managed internally by snapd...
         Starting Initial cloud-init job (pre-networking)...
         Mounting Arbitrary Executable File Formats File System...
[[0;32m  OK  [0m] Mounted Arbitrary Executable File Formats File System.
[[0;32m  OK  [0m] Started Load AppArmor profiles managed internally by snapd.
[   25.433202] cloud-init[581]: Cloud-init v. 23.1.2-0ubuntu0~18.04.1 running 'init-local' at Tue, 06 May 2025 16:24:56 +0000. Up 24.36 seconds.
[[0;32m  OK  [0m] Started Initial cloud-init job (pre-networking).
[[0;32m  OK  [0m] Reached target Network (Pre).
         Starting Network Service...
[[0;32m  OK  [0m] Started Network Service.
         Starting Wait for Network to be Configured...
         Starting Network Name Resolution...
[[0;32m  OK  [0m] Started Network Name Resolution.
[[0;32m  OK  [0m] Reached target Network.
[[0;32m  OK  [0m] Reached target Host and Network Name Lookups.
[[0;32m  OK  [0m] Started Wait for Network to be Configured.
         Starting Initial cloud-init job (metadata service crawler)...
[   29.154135] cloud-init[695]: Cloud-init v. 23.1.2-0ubuntu0~18.04.1 running 'init' at Tue, 06 May 2025 16:25:01 +0000. Up 28.67 seconds.
[   29.157875] cloud-init[695]: ci-info: +++++++++++++++++++++++++++++++++++++++++++++Net device info++++++++++++++++++++++++++++++++++++++++++++++
[   29.161585] cloud-init[695]: ci-info: +--------+------+-------------------------------------------+---------------+--------+-------------------+
[   29.166540] cloud-init[695]: ci-info: | Device |  Up  |                  Address                  |      Mask     | Scope  |     Hw-Address    |
[   29.171105] cloud-init[695]: ci-info: +--------+------+-------------------------------------------+---------------+--------+-------------------+
[   29.175488] cloud-init[695]: ci-info: | enp0s3 | True |                 10.0.2.15                 | 255.255.255.0 | global | 02:3b:7b:b7:3b:2d |
[   29.180210] cloud-init[695]: ci-info: | enp0s3 | True |         fd00::3b:7bff:feb7:3b2d/64        |       .       | global | 02:3b:7b:b7:3b:2d |
[   29.183530] cloud-init[695]: ci-info: | enp0s3 | True |         fe80::3b:7bff:feb7:3b2d/64        |       .       |  link  | 02:3b:7b:b7:3b:2d |
[   29.186743] cloud-init[695]: ci-info: | enp0s8 | True |               192.168.56.14               | 255.255.255.0 | global | 08:00:27:ae:9a:11 |
[   29.189861] cloud-init[695]: ci-info: | enp0s8 | True |        fe80::a00:27ff:feae:9a11/64        |       .       |  link  | 08:00:27:ae:9a:11 |
[   29.192796] cloud-init[695]: ci-info: | enp0s9 | True |               192.168.1.181               | 255.255.255.0 | global | 08:00:27:9b:95:33 |
[   29.196009] cloud-init[695]: ci-info: | enp0s9 | True | 2600:4041:44a5:9e00:a00:27ff:fe9b:9533/64 |       .       | global | 08:00:27:9b:95:33 |
[   29.199340] cloud-init[695]: ci-info: | enp0s9 | True |        fe80::a00:27ff:fe9b:9533/64        |       .       |  link  | 08:00:27:9b:95:33 |
[   29.202627] cloud-init[695]: ci-info: |   lo   | True |                 127.0.0.1                 |   255.0.0.0   |  host  |         .         |
[   29.205542] cloud-init[695]: ci-info: |   lo   | True |                  ::1/128                  |       .       |  host  |         .         |
[   29.208468] cloud-init[695]: ci-info: +--------+------+-------------------------------------------+---------------+--------+-------------------+
[   29.211573] cloud-init[695]: ci-info: ++++++++++++++++++++++++++++++Route IPv4 info+++++++++++++++++++++++++++++++
[   29.214722] cloud-init[695]: ci-info: +-------+--------------+-------------+-----------------+-----------+-------+
[   29.218481] cloud-init[695]: ci-info: | Route | Destination  |   Gateway   |     Genmask     | Interface | Flags |
[   29.221332] cloud-init[695]: ci-info: +-------+--------------+-------------+-----------------+-----------+-------+
[   29.224902] cloud-init[695]: ci-info: |   0   |   0.0.0.0    |   10.0.2.2  |     0.0.0.0     |   enp0s3  |   UG  |
[   29.228137] cloud-init[695]: ci-info: |   1   |   0.0.0.0    | 192.168.1.1 |     0.0.0.0     |   enp0s9  |   UG  |
[   29.230811] cloud-init[695]: ci-info: |   2   |   10.0.2.0   |   0.0.0.0   |  255.255.255.0  |   enp0s3  |   U   |
[   29.233563] cloud-init[695]: ci-info: |   3   |   10.0.2.2   |   0.0.0.0   | 255.255.255.255 |   enp0s3  |   UH  |
[   29.236277] cloud-init[695]: ci-info: |   4   | 192.168.1.0  |   0.0.0.0   |  255.255.255.0  |   enp0s9  |   U   |
[   29.239034] cloud-init[695]: ci-info: |   5   | 192.168.1.1  |   0.0.0.0   | 255.255.255.255 |   enp0s9  |   UH  |
[   29.241688] cloud-init[695]: ci-info: |   6   | 192.168.56.0 |   0.0.0.0   |  255.255.255.0  |   enp0s8  |   U   |
[   29.244328] cloud-init[695]: ci-info: +-------+--------------+-------------+-----------------+-----------+-------+
[   29.247049] cloud-init[695]: ci-info: ++++++++++++++++++++++++++++++++++Route IPv6 info+++++++++++++++++++++++++++++++++++
[   29.250959] cloud-init[695]: ci-info: +-------+--------------------------+---------------------------+-----------+-------+
[   29.254921] cloud-init[695]: ci-info: | Route |       Destination        |          Gateway          | Interface | Flags |
[   29.258802] cloud-init[695]: ci-info: +-------+--------------------------+---------------------------+-----------+-------+
[   29.261584] cloud-init[695]: ci-info: |   1   | 2600:4041:44a5:9e00::/64 |             ::            |   enp0s9  |   U   |
[   29.264412] cloud-init[695]: ci-info: |   2   | 2600:4041:44a5:9e00::/56 | fe80::3ebd:c5ff:fe00:3b31 |   enp0s9  |   UG  |
[   29.267149] cloud-init[695]: ci-info: |   3   |        fd00::/64         |             ::            |   enp0s3  |   U   |
[   29.270356] cloud-init[695]: ci-info: |   4   |        fe80::/64         |             ::            |   enp0s9  |   U   |
[   29.273285] cloud-init[695]: ci-info: |   5   |        fe80::/64         |             ::            |   enp0s8  |   U   |
[   29.276038] cloud-init[695]: ci-info: |   6   |        fe80::/64         |             ::            |   enp0s3  |   U   |
[   29.278833] cloud-init[695]: ci-info: |   7   |           ::/0           |          fe80::2          |   enp0s3  |   UG  |
[   29.281653] cloud-init[695]: ci-info: |   9   |          local           |             ::            |   enp0s9  |   U   |
[   29.284515] cloud-init[695]: ci-info: |   10  |          local           |             ::            |   enp0s3  |   U   |
[   29.287339] cloud-init[695]: ci-info: |   11  |          local           |             ::            |   enp0s9  |   U   |
[   29.290262] cloud-init[695]: ci-info: |   12  |          local           |             ::            |   enp0s8  |   U   |
[   29.293294] cloud-init[695]: ci-info: |   13  |         ff00::/8         |             ::            |   enp0s9  |   U   |
[   29.296123] cloud-init[695]: ci-info: |   14  |         ff00::/8         |             ::            |   enp0s8  |   U   |
[   29.299047] cloud-init[695]: ci-info: |   15  |         ff00::/8         |             ::            |   enp0s3  |   U   |
[   29.303463] cloud-init[695]: ci-info: +-------+--------------------------+---------------------------+-----------+-------+
[[0;32m  OK  [0m] Started Initial cloud-init job (metadata service crawler).
[[0;32m  OK  [0m] Reached target System Initialization.
[[0;32m  OK  [0m] Started Daily Cleanup of Temporary Directories.
[[0;32m  OK  [0m] Started Discard unused blocks once a week.
[[0;32m  OK  [0m] Listening on UUID daemon activation socket.
         Starting Socket activation for snappy daemon.
[[0;32m  OK  [0m] Started ACPI Events Check.
[[0;32m  OK  [0m] Listening on Open-iSCSI iscsid Socket.
[[0;32m  OK  [0m] Started Message of the Day.
[[0;32m  OK  [0m] Listening on cloud-init hotplug hook socket.
[[0;32m  OK  [0m] Started Ubuntu Advantage Timer for running repeated jobs.
         Starting LXD - unix socket.
[[0;32m  OK  [0m] Listening on ACPID Listen Socket.
[[0;32m  OK  [0m] Reached target Paths.
[[0;32m  OK  [0m] Started Daily apt download activities.
[[0;32m  OK  [0m] Started Daily apt upgrade and clean activities.
[[0;32m  OK  [0m] Reached target Timers.
[[0;32m  OK  [0m] Listening on D-Bus System Message Bus Socket.
[[0;32m  OK  [0m] Reached target Cloud-config availability.
[[0;32m  OK  [0m] Reached target Network is Online.
         Starting Availability of block devices...
[[0;32m  OK  [0m] Reached target Remote File Systems (Pre).
         Mounting /vagrant...
[[0;32m  OK  [0m] Listening on Socket activation for snappy daemon.
[[0;32m  OK  [0m] Listening on LXD - unix socket.
[[0;32m  OK  [0m] Reached target Sockets.
[[0;32m  OK  [0m] Reached target Basic System.
         Starting Virtualbox guest utils...
         Starting Dispatcher daemon for systemd-networkd...
[[0;32m  OK  [0m] Started FUSE filesystem for LXC.
         Starting LXD - container startup/shutdown...
[[0;32m  OK  [0m] Started D-Bus System Message Bus.
         Starting Accounts Service...
         Starting Login Service...
[[0;32m  OK  [0m] Started Deferred execution scheduler.
[[0;32m  OK  [0m] Reached target Login Prompts (Pre).
[[0;32m  OK  [0m] Started Regular background program processing daemon.
         Starting OpenBSD Secure Shell server...
         Starting Snap Daemon...
[[0;32m  OK  [0m] Started irqbalance daemon.
         Starting System Logging Service...
         Starting LSB: Record successful boot for GRUB...
[[0;32m  OK  [0m] Started Availability of block devices.
[[0;32m  OK  [0m] Mounted /vagrant.
[[0;32m  OK  [0m] Started Login Service.
         Starting Authorization Manager...
[[0;32m  OK  [0m] Started Unattended Upgrades Shutdown.
         Starting Hostname Service...
[[0;32m  OK  [0m] Reached target Remote File Systems.
         Starting Permit User Sessions...
         Starting LSB: automatic crash report generation...
[[0;32m  OK  [0m] Started Permit User Sessions.
         Starting Terminate Plymouth Boot Screen...
         Starting Hold until boot process finishes up...
[[0;32m  OK  [0m] Started Hold until boot process finishes up.
         Starting Set console scheme...
[[0;32m  OK  [0m] Started Serial Getty on ttyS0.
[[0;32m  OK  [0m] Started Terminate Plymouth Boot Screen.
[[0;32m  OK  [0m] Started Hostname Service.
[[0;32m  OK  [0m] Started Set console scheme.
[[0;32m  OK  [0m] Created slice system-getty.slice.
[[0;32m  OK  [0m] Started Getty on tty1.
[[0;32m  OK  [0m] Reached target Login Prompts.
[[0;32m  OK  [0m] Started System Logging Service.
[[0;32m  OK  [0m] Started LSB: Record successful boot for GRUB.
[[0;32m  OK  [0m] Started Authorization Manager.
[[0;32m  OK  [0m] Started LSB: automatic crash report generation.
[[0;32m  OK  [0m] Started OpenBSD Secure Shell server.
[[0;32m  OK  [0m] Started Virtualbox guest utils.
[[0;32m  OK  [0m] Started Accounts Service.
[[0;32m  OK  [0m] Started Dispatcher daemon for systemd-networkd.
[[0;32m  OK  [0m] Created slice User Slice of vagrant.
         Starting User Manager for UID 1000...
[[0;32m  OK  [0m] Started Session 1 of user vagrant.
[[0;32m  OK  [0m] Started LXD - container startup/shutdown.
[[0;32m  OK  [0m] Started User Manager for UID 1000.

Ubuntu 18.04.6 LTS ubuntu-bionic ttyS0

ubuntu-bionic login: [   42.730446] cloud-init[1347]: Cloud-init v. 23.1.2-0ubuntu0~18.04.1 running 'modules:config' at Tue, 06 May 2025 16:25:14 +0000. Up 42.03 seconds.
[   45.171551] cloud-init[1500]: Cloud-init v. 23.1.2-0ubuntu0~18.04.1 running 'modules:final' at Tue, 06 May 2025 16:25:16 +0000. Up 44.30 seconds.
[   45.171858] cloud-init[1500]: Cloud-init v. 23.1.2-0ubuntu0~18.04.1 finished at Tue, 06 May 2025 16:25:17 +0000. Datasource DataSourceNoCloud [seed=/dev/sdb][dsmode=net].  Up 45.12 seconds
[[0;32m  OK  [0m] Stopped Unattended Upgrades Shutdown.
         Stopping Session 5 of user vagrant.
[[0;32m  OK  [0m] Stopped target Cloud-init target.
[[0;32m  OK  [0m] Stopped Execute cloud user/final scripts.
[[0;32m  OK  [0m] Stopped target Host and Network Name Lookups.
         Stopping User Manager for UID 1000...
[[0;32m  OK  [0m] Closed Load/Save RF Kill Switch Status /dev/rfkill Watch.
[[0;32m  OK  [0m] Stopped target Graphical Interface.
[[0;32m  OK  [0m] Stopped target Multi-User System.
         Stopping LXD - container startup/shutdown...
         Stopping FUSE filesystem for LXC...
         Stopping Dispatcher daemon for systemd-networkd...
         Stopping Virtualbox guest utils...
         Stopping System Logging Service...
         Stopping irqbalance daemon...
         Stopping Accounts Service...
         Stopping Regular background program processing daemon...
         Stopping OpenBSD Secure Shell server...
         Stopping LSB: automatic crash report generation...
[[0;32m  OK  [0m] Stopped Apply the settings specified in cloud-config.
[[0;32m  OK  [0m] Stopped target Cloud-config availability.
         Stopping D-Bus System Message Bus...
         Stopping Availability of block devices...
[[0;32m  OK  [0m] Stopped Wait until snapd is fully seeded.
         Stopping Deferred execution scheduler...
[[0;32m  OK  [0m] Stopped target Login Prompts.
         Stopping Getty on tty1...
         Stopping Serial Getty on ttyS0...
[[0;32m  OK  [0m] Stopped target Timers.
[[0;32m  OK  [0m] Stopped Daily Cleanup of Temporary Directories.
[[0;32m  OK  [0m] Stopped Daily apt upgrade and clean activities.
[[0;32m  OK  [0m] Stopped Daily apt download activities.
[[0;32m  OK  [0m] Stopped Discard unused blocks once a week.
[[0;32m  OK  [0m] Stopped Ubuntu Advantage Timer for running repeated jobs.
         Stopping LSB: Record successful boot for GRUB...
[[0;32m  OK  [0m] Stopped Message of the Day.
[[0;32m  OK  [0m] Stopped target System Time Synchronized.
         Stopping Authorization Manager...
[[0;32m  OK  [0m] Unmounted /var/lib/lxcfs.
[[0;32m  OK  [0m] Stopped Dispatcher daemon for systemd-networkd.
[[0;32m  OK  [0m] Stopped Accounts Service.
[[0;32m  OK  [0m] Stopped Deferred execution scheduler.
[[0;32m  OK  [0m] Stopped Regular background program processing daemon.
[[0;32m  OK  [0m] Stopped irqbalance daemon.
[[0;32m  OK  [0m] Stopped System Logging Service.
[[0;32m  OK  [0m] Stopped Authorization Manager.
[[0;32m  OK  [0m] Stopped Serial Getty on ttyS0.
[[0;32m  OK  [0m] Stopped Getty on tty1.
[[0;32m  OK  [0m] Stopped OpenBSD Secure Shell server.
[[0;32m  OK  [0m] Stopped User Manager for UID 1000.
[[0;32m  OK  [0m] Stopped D-Bus System Message Bus.
[[0;32m  OK  [0m] Stopped FUSE filesystem for LXC.
[[0;32m  OK  [0m] Stopped Session 5 of user vagrant.
[[0;32m  OK  [0m] Stopped LXD - container startup/shutdown.
[[0;32m  OK  [0m] Removed slice User Slice of vagrant.
         Stopping Login Service...
[[0;32m  OK  [0m] Removed slice system-getty.slice.
[[0;32m  OK  [0m] Removed slice system-serial\x2dgetty.slice.
[[0;32m  OK  [0m] Stopped target Login Prompts (Pre).
         Stopping Permit User Sessions...
[[0;32m  OK  [0m] Stopped Permit User Sessions.
[[0;32m  OK  [0m] Stopped LSB: Record successful boot for GRUB.
[[0;32m  OK  [0m] Stopped Availability of block devices.
[[0;32m  OK  [0m] Stopped LSB: automatic crash report generation.
[[0;32m  OK  [0m] Stopped target Remote File Systems.
         Unmounting /vagrant...
[[0;32m  OK  [0m] Unmounted /vagrant.
[[0;32m  OK  [0m] Stopped Login Service.
[[0;32m  OK  [0m] Stopped target User and Group Name Lookups.
[[0;32m  OK  [0m] Stopped target Remote File Systems (Pre).
[[0;32m  OK  [0m] Stopped target Network is Online.
[[0;32m  OK  [0m] Stopped target Network.
         Stopping Network Name Resolution...
[[0;32m  OK  [0m] Stopped Virtualbox guest utils.
[[0;32m  OK  [0m] Stopped target Basic System.
[[0;32m  OK  [0m] Stopped target Paths.
[[0;32m  OK  [0m] Stopped ACPI Events Check.
[[0;32m  OK  [0m] Stopped target Sockets.
[[0;32m  OK  [0m] Closed cloud-init hotplug hook socket.
[[0;32m  OK  [0m] Closed Open-iSCSI iscsid Socket.
[[0;32m  OK  [0m] Closed UUID daemon activation socket.
[[0;32m  OK  [0m] Closed LXD - unix socket.
[[0;32m  OK  [0m] Closed Socket activation for snappy daemon.
[[0;32m  OK  [0m] Closed ACPID Listen Socket.
[[0;32m  OK  [0m] Closed Syslog Socket.
[[0;32m  OK  [0m] Closed D-Bus System Message Bus Socket.
[[0;32m  OK  [0m] Stopped target Slices.
[[0;32m  OK  [0m] Removed slice User and Session Slice.
[[0;32m  OK  [0m] Stopped target System Initialization.
         Stopping Load/Save Random Seed...
[[0;32m  OK  [0m] Stopped Initial cloud-init job (metadata service crawler).
[[0;32m  OK  [0m] Stopped target Local Encrypted Volumes.
[[0;32m  OK  [0m] Stopped Dispatch Password Requests to Console Directory Watch.
[[0;32m  OK  [0m] Stopped Forward Password Requests to Wall Directory Watch.
         Stopping Update UTMP about System Boot/Shutdown...
[[0;32m  OK  [0m] Stopped Network Name Resolution.
[[0;32m  OK  [0m] Stopped Load/Save Random Seed.
         Stopping Network Service...
[[0;32m  OK  [0m] Stopped Update UTMP about System Boot/Shutdown.
[[0;32m  OK  [0m] Stopped Create Volatile Files and Directories.
[[0;32m  OK  [0m] Stopped target Local File Systems.
         Unmounting /run/user/1000...
[[0;32m  OK  [0m] Stopped target Mounted snaps.
[[0;32m  OK  [0m] Stopped target Mounting snaps.
[[0;32m  OK  [0m] Unmounted /run/user/1000.
[[0;32m  OK  [0m] Reached target Unmount All Filesystems.
[[0;32m  OK  [0m] Stopped target Local File Systems (Pre).
[[0;32m  OK  [0m] Stopped Create Static Device Nodes in /dev.
         Stopping Monitoring of LVM2 mirrors…ng dmeventd or progress polling...
[[0;32m  OK  [0m] Stopped target Swap.
[[0;32m  OK  [0m] Stopped Monitoring of LVM2 mirrors,…sing dmeventd or progress polling.
[[0;32m  OK  [0m] Stopped Network Service.
[[0;32m  OK  [0m] Stopped Apply Kernel Variables.
[[0;32m  OK  [0m] Stopped Load Kernel Modules.
[[0;32m  OK  [0m] Stopped target Network (Pre).
[[0;32m  OK  [0m] Stopped Initial cloud-init job (pre-networking).
[[0;32m  OK  [0m] Stopped Remount Root and Kernel File Systems.
[[0;32m  OK  [0m] Reached target Shutdown.
[[0;32m  OK  [0m] Reached target Final Step.
         Starting Power-Off...
         Stopping LVM2 metadata daemon...
[[0;32m  OK  [0m] Stopped LVM2 metadata daemon.
[ 1403.734717] reboot: Power down
